Arguments: 
  /usr/local/bin/node /usr/local/Cellar/yarn/1.16.0/libexec/bin/yarn.js

PATH: 
  /Library/Frameworks/Python.framework/Versions/3.7/bin:/Library/Frameworks/Python.framework/Versions/3.7/bin:/Library/Frameworks/Python.framework/Versions/3.7/bin:/Library/Frameworks/Python.framework/Versions/3.7/bin:/Library/Frameworks/Python.framework/Versions/3.6/bin:/Library/Frameworks/Python.framework/Versions/3.6/bin:/usr/local/bin:/usr/bin:/bin:/usr/sbin:/sbin:/usr/local/share/dotnet:~/.dotnet/tools:/Library/Frameworks/Mono.framework/Versions/Current/Commands:/Applications/Xamarin Workbooks.app/Contents/SharedSupport/path-bin:/Library/Frameworks/Python.framework/Versions/3.7/bin:/Library/Frameworks/Python.framework/Versions/3.6/bin

Yarn version: 
  1.16.0

Node version: 
  11.12.0

Platform: 
  darwin x64

Trace: 
  Error: EACCES: permission denied, mkdir '/Users/sivarajan/Downloads/react-bootcamp-materials/16-building-yahztee/yahtzee-starter/node_modules/abbrev'

npm manifest: 
  {
    "name": "yahtzee",
    "version": "0.1.0",
    "private": true,
    "dependencies": {
      "react": "^16.4.1",
      "react-dom": "^16.4.1",
      "react-scripts": "1.1.4"
    },
    "scripts": {
      "start": "react-scripts start",
      "build": "react-scripts build",
      "test": "react-scripts test --env=jsdom",
      "eject": "react-scripts eject"
    },
    "devDependencies": {
      "enzyme": "^3.8.0",
      "enzyme-adapter-react-16": "^1.7.1",
      "enzyme-to-json": "^3.3.5"
    }
  }

yarn manifest: 
  No manifest

Lockfile: 
  No lockfile
